digraph wiki {
graph [ layout = fdp ];
"...template"->"FrontPage";
".so not found"->"トラブルシューティング";
"3Dスキャナ"->"メカ";
"3Dプリンタ"->"AutodeskInventor";
"3D撮影"->"TODO";
"ART-Linux"->"ロボット";
"ARマーカー"->"新興技術";
"AllegroHand"->"ROS";
"Arduino"->"FrontPage";
"AutoCAD"->"FrontPage";
"AutodeskInventor"->"FrontPage";
"BeagleBone"->"dd";
"BeagleBone"->"screen";
"Bitcoin"->"投資";
"Blender"->"FrontPage";
"BracketName"->"BracketName";
"C"->"プログラミング";
"C"->"C++";
"C++"->"プログラミング";
"C++"->"C";
"C++"->"valgrind";
"C++"->"静的メモリチェッカ";
"C++"->"clang";
"C++"->"ムーブセマンティクス";
"C++"->"Optional";
"C++"->"SIMD";
"C++"->"ループアンローリング";
"C++"->"スレッドセーフ";
"C++"->"GPGPU";
"C++"->"高速化";
"C++"->"最適化";
"C++"->"マルチスレッド";
"C++"->"テスト";
"C++"->"コーディングルール";
"C++"->"セキュアコーディング";
"C++"->"リファクタリング";
"C++"->"コーディングイディオム";
"C++"->"デザインパターン";
"C++"->"プロコン";
"C++"->"デバイスドライバ";
"C++"->"PCL";
"C++"->"libxml";
"C++"->"curl";
"C++"->"SQLite";
"C++"->"OpenCV";
"C++"->"OpenGL";
"C++"->"InputSubsystem";
"C++"->"ホームページのコンテンツ抽出";
"C++"->"ODE";
"CAE解析"->"メカ";
"CAE解析"->"FEM";
"CAE解析"->"射出成形解析";
"CAE解析"->"OpenSCAD";
"CPLD"->"Verilog";
"Chrome"->"TODO";
"DH記法"->"制御";
"DrawSight"->"AutoCAD";
"Dropbox"->"日常ソフト";
"Eagle"->"回路";
"Eigen"->"C++";
"FEM"->"CAE解析";
"FT232"->"回路";
"FX"->"投資";
"FrontPage"->"アルゴリズム";
"FrontPage"->"コーディングイディオム";
"FrontPage"->"カラオケ";
"FrontPage"->"レシピ";
"FrontPage"->"マネジメント";
"FrontPage"->"プラチナカード";
"GCL"->"イノベーター倫理";
"GCL"->"ザ・官僚";
"GCL"->"技術利用と法";
"GCP"->"TODO";
"GPGPU"->"C";
"GitBucket"->"日常ソフト";
"Google"->"Google Sheets";
"Google"->"Google Drive";
"Google"->"Google Maps";
"Google"->"Google Docs";
"Google"->"Mozc";
"Google Docs"->"Google";
"Google Drive"->"Google";
"Google Maps"->"Google";
"Google Sheets"->"FrontPage";
"GraspIt!"->"TODO";
"Haskell"->"MenuBar";
"Help"->"PukiWiki";
"Help"->"hogehoge";
"HiMacroEx"->"ゲーム";
"H∞制御"->"制御";
"I2C"->"回路";
"ICTで社会の課題に挑む"->"コーディングイディオム";
"InputSubsystem"->"C";
"Insync"->"日常ソフト";
"Intel MKL"->"SIMD";
"IntelEdison"->"回路";
"Introduction to Management"->"履修";
"IoT"->"新興技術";
"JTAG"->"回路";
"JavaScript"->"Node.js";
"JavaScript"->"jQuery";
"Konashi"->"回路";
"LLVM"->"プログラミング";
"Lisp"->"プログラミング";
"LucidChart"->"FrontPage";
"MacでDockのぴょんぴょんがうざい"->"トラブルシューティング";
"MathWorks"->"企業";
"Matlab"->"MathWorks";
"Matlab"->"Simulink";
"Maya"->"FrontPage";
"MenuBar"->"TODO";
"MenuBar"->"バックアップ";
"MenuBar"->"CV";
"MenuBar"->"研究遂行";
"MenuBar"->"研究のモチベーション";
"MenuBar"->"研究の疑問";
"MenuBar"->"インパクト";
"MenuBar"->"サーベイ";
"MenuBar"->"解析";
"MenuBar"->"結果の設計";
"MenuBar"->"Matlab";
"MenuBar"->"論文の書き方";
"MenuBar"->"学位論文";
"MenuBar"->"TeX";
"MenuBar"->"論文英語";
"MenuBar"->"図の描き方";
"MenuBar"->"ポスター発表";
"MenuBar"->"オーラル発表";
"MenuBar"->"大衆向けスピーチ";
"MenuBar"->"質問";
"MenuBar"->"哲学";
"MenuBar"->"科学史";
"MenuBar"->"身体性";
"MenuBar"->"研究室所感";
"MenuBar"->"研究雑多";
"MenuBar"->"博士課程";
"MenuBar"->"GCL";
"MenuBar"->"学会";
"MenuBar"->"eduroam";
"MenuBar"->"SXSW2017";
"MenuBar"->"エンジニアリング";
"MenuBar"->"ロボット";
"MenuBar"->"部品選定";
"MenuBar"->"コンテンツ";
"MenuBar"->"技術コンテスト";
"MenuBar"->"新興技術";
"MenuBar"->"ブロックチェーン";
"MenuBar"->"メカ";
"MenuBar"->"回路";
"MenuBar"->"熱設計";
"MenuBar"->"裁縫";
"MenuBar"->"レザークラフト";
"MenuBar"->"シルバークラフト";
"MenuBar"->"ダンボール細工";
"MenuBar"->"装飾";
"MenuBar"->"プログラミング";
"MenuBar"->"ロボットミドルウェア";
"MenuBar"->"システムデザイン";
"MenuBar"->"デバッグ";
"MenuBar"->"スマートフォン";
"MenuBar"->"テキストエディタ";
"MenuBar"->"MySQL";
"MenuBar"->"ビッグデータ";
"MenuBar"->"機械学習";
"MenuBar"->"テスト";
"MenuBar"->"アルゴリズム";
"MenuBar"->"プロコン";
"MenuBar"->"非厳密アルゴリズム";
"MenuBar"->"辞書";
"MenuBar"->"便利ツール";
"MenuBar"->"ウェブ";
"MenuBar"->"NAS";
"MenuBar"->"UNIX系";
"MenuBar"->"パソコン";
"MenuBar"->"コマンド";
"MenuBar"->"ネットワーク設定";
"MenuBar"->"開発環境設定";
"MenuBar"->"トラブルシューティング";
"MenuBar"->"サーバ管理";
"MenuBar"->"Windows";
"MenuBar"->"キーボード";
"MenuBar"->"ファイル検索コマンド";
"MenuBar"->"制御";
"MenuBar"->"数学";
"MenuBar"->"物理の直感";
"MenuBar"->"料理";
"MenuBar"->"レシピ";
"MenuBar"->"酒";
"MenuBar"->"紅茶";
"MenuBar"->"コーヒー";
"MenuBar"->"チョコレート";
"MenuBar"->"バー";
"MenuBar"->"ファッション";
"MenuBar"->"男性服";
"MenuBar"->"研ぎ";
"MenuBar"->"カラオケ";
"MenuBar"->"アニメ";
"MenuBar"->"ゲーム";
"MenuBar"->"娯楽施設";
"MenuBar"->"陶器";
"MenuBar"->"工芸";
"MenuBar"->"ジュエリー";
"MenuBar"->"宝石";
"MenuBar"->"タイピング";
"MenuBar"->"健康";
"MenuBar"->"家庭の医学";
"MenuBar"->"カリグラフィー";
"MenuBar"->"画像編集";
"MenuBar"->"Photoshop";
"MenuBar"->"Illustrator";
"MenuBar"->"動画編集";
"MenuBar"->"ボイスチェンジャー";
"MenuBar"->"PowerPoint";
"MenuBar"->"Prezi";
"MenuBar"->"プレゼン";
"MenuBar"->"デザイン";
"MenuBar"->"カメラ";
"MenuBar"->"色";
"MenuBar"->"UI";
"MenuBar"->"メイク";
"MenuBar"->"商用写真素材";
"MenuBar"->"著作権";
"MenuBar"->"音楽";
"MenuBar"->"Tumblr";
"MenuBar"->"情報発信";
"MenuBar"->"Polycom";
"MenuBar"->"文章の書き方";
"MenuBar"->"論理";
"MenuBar"->"校正";
"MenuBar"->"ビジネス";
"MenuBar"->"会計";
"MenuBar"->"請求書";
"MenuBar"->"納税";
"MenuBar"->"確定申告";
"MenuBar"->"簿記";
"MenuBar"->"出張";
"MenuBar"->"開業";
"MenuBar"->"営業";
"MenuBar"->"契約";
"MenuBar"->"特許";
"MenuBar"->"労働基準法";
"MenuBar"->"投資";
"MenuBar"->"株";
"MenuBar"->"商品先物取引";
"MenuBar"->"日本経済";
"MenuBar"->"ニュース";
"MenuBar"->"物価";
"MenuBar"->"Bitcoin";
"MenuBar"->"企業";
"MenuBar"->"非自明マネタイズ";
"MenuBar"->"起業";
"MenuBar"->"就活";
"MenuBar"->"外注";
"MenuBar"->"アイディア出し";
"MenuBar"->"クラウドソーシング";
"MenuBar"->"クラウド基盤構築";
"MenuBar"->"マネジメント";
"MenuBar"->"人事";
"MenuBar"->"リーダーシップ";
"MenuBar"->"ライセンス";
"MenuBar"->"共同作業";
"MenuBar"->"共同開発";
"MenuBar"->"企画";
"MenuBar"->"情報リテラシー";
"MenuBar"->"知的財産";
"MenuBar"->"真人間計画";
"MenuBar"->"身だしなみ";
"MenuBar"->"アサーション";
"MenuBar"->"モチベーション";
"MenuBar"->"ドレスコード";
"MenuBar"->"質";
"MenuBar"->"選挙";
"MenuBar"->"郵便";
"MenuBar"->"結婚";
"MenuBar"->"妊娠";
"MenuBar"->"身分証明";
"MenuBar"->"プレゼント";
"MenuBar"->"発達障害";
"MenuBar"->"宗教";
"MenuBar"->"リスク";
"MenuBar"->"自転車";
"MenuBar"->"家具";
"MenuBar"->"ロビー活動";
"MenuBar"->"メンタル";
"MenuBar"->"Metabo Law";
"MenuBar"->"収入";
"MenuBar"->"相続";
"MenuBar"->"保険";
"MenuBar"->"不動産";
"MenuBar"->"クレジットカード";
"MenuBar"->"コンシェルジュ";
"MenuBar"->"マイル";
"MenuBar"->"買い物";
"MenuBar"->"チップ";
"MenuBar"->"詐欺";
"MenuBar"->"イカサマ";
"MenuBar"->"ホテル";
"MenuBar"->"海外宿泊";
"MenuBar"->"留学準備";
"MenuBar"->"飛行機";
"MenuBar"->"家さがし";
"MenuBar"->"ダイエット";
"MenuBar"->"歯磨き";
"MenuBar"->"アート";
"MenuBar"->"絵";
"MenuBar"->"履修";
"MenuBar"->"脳";
"MenuBar"->"タンパク質";
"MenuBar"->"解剖学";
"MenuBar"->"材料力学";
"MenuBar"->"ドイツ留学";
"MenuBar"->"ドイツ";
"MenuBar"->"イギリス";
"MenuBar"->"日本";
"MenuBar"->"ベルギー";
"MenuBar"->"シンガポール";
"MenuBar"->"中国語";
"MenuBar"->"英語";
"MenuBar"->"ドイツ語";
"MenuBar"->"日本語";
"Minecraft"->"TODO";
"Mozc"->"FrontPage";
"MySQL"->"FrontPage";
"MySQL"->"SQLite";
"NAS"->"MenuBar";
"Node.js"->"FrontPage";
"ODE"->"C";
"Onshape"->"メカ";
"OpenCV"->"C";
"OpenGL"->"FrontPage";
"OpenSCAD"->"メカ";
"Optional"->"C++";
"PCIボード"->"パソコン";
"PCL"->"C++";
"PIC"->"回路";
"Polycom"->"TODO";
"PowerPoint"->"FrontPage";
"Prezi"->"FrontPage";
"PukiWiki"->"WikiWikiWeb";
"PukiWiki"->"PHP";
"Python"->"プログラミング";
"Python"->"Seaborn";
"Python"->"pythonデータ解析";
"RPLIDAR"->"制御";
"RecentChanges"->"回路";
"RecentChanges"->"ファッション";
"RecentChanges"->"相補フィルタ";
"RecentChanges"->"BeagleBone";
"RecentChanges"->"FrontPage";
"RecentChanges"->"MenuBar";
"RecentChanges"->"アルゴリズム";
"RecentChanges"->"レシピ";
"RecentChanges"->"妊娠";
"RecentChanges"->"日本";
"RecentChanges"->"システムデザイン";
"RecentChanges"->"動力伝達機構";
"RecentChanges"->"プロコン";
"RecentChanges"->"留学準備";
"RecentChanges"->"コンビニプリンタ";
"RecentChanges"->"カラオケ";
"RecentChanges"->"日本経済";
"RecentChanges"->"部品選定";
"RecentChanges"->"営業";
"RecentChanges"->"環境問題";
"RecentChanges"->"新興技術";
"RecentChanges"->"git";
"RecentChanges"->"ZenHub";
"RecentChanges"->"Waffle.io";
"RecentChanges"->"Confluence";
"RecentChanges"->"博士課程";
"RecentChanges"->"プラチナカード";
"RecentChanges"->"就活";
"RecentChanges"->"非厳密アルゴリズム";
"RecentChanges"->"大衆向けスピーチ";
"RecentChanges"->"安全管理";
"RecentChanges"->"英語";
"RecentChanges"->"商用写真素材";
"RecentChanges"->"TeX";
"RecentChanges"->"エンジニアリング";
"RecentChanges"->"マナー";
"RecentChanges"->"うなぎを食べない教";
"RecentChanges"->"質問";
"RecentChanges"->"ICTで社会の課題に挑む";
"RecentChanges"->"コーディングイディオム";
"RecentChanges"->"Node.js";
"RecentChanges"->"雑用代行サービス";
"RecentChanges"->"実験設定";
"RecentChanges"->"NHK";
"RecentChanges"->"身体性";
"RecentChanges"->"機械学習";
"RecentChanges"->"コマンド";
"RecentChanges"->"セキュリティコンテスト";
"RecentChanges"->"クリームはんだ";
"RecentChanges"->"プロコン/特有の注意";
"RecentChanges"->"3D撮影";
"RecentChanges"->"コーヒー";
"RecentChanges"->"ロボット";
"RecentChanges"->"GCP";
"RecentChanges"->"解析";
"RecentChanges"->"料理";
"RecentChanges"->"Shotcut";
"RecentChanges"->"動画編集";
"RecentChanges"->"哲学";
"RecentChanges"->"モータドライバ";
"RecentDeleted"->"tarコマンドで並列圧縮";
"RecentDeleted"->"emacs";
"RecentDeleted"->"graphviz";
"RecentDeleted"->"vi";
"RecentDeleted"->"tmux";
"RecentDeleted"->"valgrind";
"RecentDeleted"->"screen";
"RecentDeleted"->"dd";
"RecentDeleted"->"clang";
"RecentDeleted"->"gnuplot";
"RecentDeleted"->"Qt Creator";
"RecentDeleted"->"git";
"RecentDeleted"->"pkgconfig";
"RecentDeleted"->"mail";
"RecentDeleted"->"byobu";
"RecentDeleted"->"cron";
"RecentDeleted"->"cmake";
"RecentDeleted"->"nkf";
"RecentDeleted"->"sort";
"RecentDeleted"->"砥石";
"RecentDeleted"->"レシピ";
"RecentDeleted"->"修得単位";
"RecentDeleted"->"アルゴリズムの発想";
"RecentDeleted"->"python";
"RecentDeleted"->"ディープラーニング";
"RecentDeleted"->"test";
"RecentDeleted"->"どうしても書き込めない";
"RecentDeleted"->"学会/ROBOMECH2014";
"RecentDeleted"->"日本人の英語";
"RecentDeleted"->"言語";
"RecentDeleted"->"研究のマナー";
"RecentDeleted"->"研究用語";
"RecentDeleted"->"研究方法";
"RecentDeleted"->"査読";
"RecentDeleted"->"研究";
"RecentDeleted"->"学振";
"RecentDeleted"->"技術論文の書き方";
"RecentDeleted"->"ハンド";
"RecentDeleted"->"論文投稿";
"RecentDeleted"->"論文";
"RecentDeleted"->"研究の生産性";
"RecentDeleted"->"研究の不正行為";
"RecentDeleted"->"研究業績";
"RecentDeleted"->"研究内容";
"RecentDeleted"->"渡航";
"RecentDeleted"->"哲学";
"RecentDeleted"->"研究表現";
"RecentDeleted"->"生活費";
"RecentDeleted"->"常識の打破";
"RecentDeleted"->"ログレス";
"RecentDeleted"->"サーベイ/JournalOfRoy.Soc.Interface";
"RecentDeleted"->"日常ソフト";
"RecentDeleted"->"ツール";
"RecentDeleted"->"企業の話";
"RecentDeleted"->"食";
"RecentDeleted"->"詐欺";
"RecentDeleted"->"意識が高い";
"RecentDeleted"->"企業研究";
"RecentDeleted"->"時間";
"RecentDeleted"->"業界の問題";
"Redmine"->"プロジェクト管理ツール";
"SIMD"->"C++";
"SIMD"->"Intel MKL";
"SQLite"->"C";
"SandBox"->"SandBox";
"Seaborn"->"Python";
"Sharif-Judge"->"MySQL";
"ShellScript"->"シェルプログラミング";
"ShellScript"->"parallel";
"Shotcut"->"動画編集";
"Simulink"->"Matlab";
"SlideShare"->"FrontPage";
"Spritz"->"日常ソフト";
"TOEFL"->"英語";
"TOEIC"->"英語";
"TensorFlow"->"機械学習";
"ThinkPad E130で突然無線が使えなくなった"->"トラブルシューティング";
"UART"->"回路";
"UI"->"FrontPage";
"UNIX系"->"ShellScript";
"UNIX系"->"rc.local";
"UNIX系"->"ART-Linux";
"UNIX系"->"Wifiパスワード";
"UNIX系"->"cygwin";
"Ubuntu13.04でAltキーでDashが表示されないようにする"->"トラブルシューティング";
"Ubuntu13.04でVMWarePlayerが起動しなくなる"->"トラブルシューティング";
"Ubuntuでディレクトリのサイズを知りたい"->"トラブルシューティング";
"Ubuntuで大きいHDDがマウントできない"->"トラブルシューティング";
"Ubuntuのapt-get updateでnot found"->"トラブルシューティング";
"Ubuntuの無線接続が微妙に遅い"->"トラブルシューティング";
"VALU"->"実装の考察";
"VIX指数"->"株";
"Verilog"->"CPLD";
"Wifiパスワード"->"FrontPage";
"WikiEngines"->"WikiWikiWeb";
"Windows8でキーボード配列をUSにする"->"トラブルシューティング";
"Xenomai"->"TODO";
"YukiWiki"->"PukiWiki";
"dev/tty*が開けない"->"トラブルシューティング";
"git"->"FrontPage";
"jQuery"->"FrontPage";
"kaori-san"->"TODO";
"libxml"->"C";
"octave"->"ツール";
"parallel"->"ShellScript";
"pdf操作"->"ツール";
"pythonデータ解析"->"TODO";
"rc.local"->"FrontPage";
"sshでgnuplotを使うとXが転送できない"->"トラブルシューティング";
"sympy"->"TODO";
"tmp"->"TODO";
"うなぎを食べない教"->"マナー";
"かんぱに"->"ゲーム";
"くせとり"->"裁縫";
"ゆっくり育成"->"ゲーム";
"ゆるみ"->"裁縫";
"アイロン"->"裁縫";
"アニメ"->"FrontPage";
"アパレルCAD"->"裁縫";
"アメリカ"->"FrontPage";
"アルゴリズム"->"プロコン";
"アルゴリズム"->"コーディングイディオム";
"アルゴリズム"->"非厳密アルゴリズム";
"アルゴリズム"->"20分でわかるPurely Functional Data Structure";
"アルゴリズム"->"ループアンローリング";
"アルゴリズム"->"SSE";
"アルゴリズム/まとめること"->"アルゴリズム";
"アルミフレーム"->"メカ";
"アンダーバーが左上に点滅してOS起動しない"->"トラブルシューティング";
"イカサマ"->"FrontPage";
"イギリス"->"TODO";
"イノベーションの墓場"->"FrontPage";
"インパクト"->"FrontPage";
"ウイスキー"->"酒";
"ウェブ"->"FrontPage";
"ウェブアプリケーション"->"司会";
"エナジードリンク"->"TODO";
"エバンジェリスト"->"新興技術";
"エンコーダカウンタ"->"回路";
"オイラー角"->"数学";
"オイラー角"->"Maxima";
"オシロスコープ"->"回路";
"オルサガ"->"TODO";
"オークション"->"男性服";
"オープンハードウェア"->"メカ";
"オーラル発表"->"フォント";
"カトラリー"->"紅茶";
"カルマンフィルタ"->"制御";
"カレー"->"レシピ";
"キーボード"->"FrontPage";
"クォータニオン"->"数学";
"クラウド基盤構築"->"履修";
"クリームはんだ"->"回路実装";
"クレジットカード"->"コンシェルジュ";
"クレジットカード"->"プラチナカード";
"クワッドコプター"->"ロボット";
"クワッドコプター"->"プロペラ";
"グラフィックコメント"->"プログラミング";
"グリス"->"メカ";
"ゲーム"->"HiMacroEx";
"ゲーム"->"ポーカー";
"ゲーム"->"ジャンケン";
"ゲーム"->"麻雀";
"ゲーム"->"スマホゲーム";
"ゲーム"->"パズドラ";
"ゲーム"->"オルサガ";
"ゲーム"->"ゆっくり育成";
"ゲーム"->"かんぱに";
"ゲーム"->"メイポケ";
"ゲーム"->"デレステ";
"ゲーム"->"白猫";
"ゲーム"->"Minecraft";
"ゲーム"->"課金";
"コマンド"->"ShellScript";
"コマンド"->"コマンド";
"コミュニケーション"->"リーダーシップ";
"コンシェルジュ"->"雑用代行サービス";
"コンテンツ"->"FrontPage";
"コーディングイディオム"->"アルゴリズム";
"コーディングルール"->"プログラミング";
"コーヒー"->"嗜好品";
"サステイナブルな生活"->"ウェブアプリケーション";
"サンドブラスト"->"FrontPage";
"サーバ管理"->"FrontPage";
"サーベイ/ジャーナル"->"サーベイ";
"ザ・官僚"->"GCL";
"シェルプログラミング"->"ShellScript";
"シンガポール"->"TODO";
"ジャンケン"->"ゲーム";
"スマホゲーム"->"ビジネスモデル";
"スマートフォン"->"ガジェット";
"スレッドセーフ"->"C++";
"セキュアコーディング"->"C++";
"セキュリティ"->"FrontPage";
"セキュリティコンテスト"->"TODO";
"タイピング"->"MenuBar";
"タンパク質"->"分子置換法";
"チョコレート"->"嗜好品";
"テキストエディタ"->"vi";
"テキストエディタ"->"emacs";
"テクニカル分析"->"株";
"テンソル"->"リー群";
"ディティール"->"裁縫";
"デイトレ"->"株";
"デザインパターン"->"C++";
"デバイスドライバ"->"C";
"デモ"->"FrontPage";
"デレステ"->"ゲーム";
"トラブルシューティング"->".so not found";
"トラブルシューティング"->"Ubuntuの無線接続が微妙に遅い";
"トラブルシューティング"->"Windows8でキーボード配列をUSにする";
"トラブルシューティング"->"Ubuntu13.04でVMWarePlayerが起動しなくなる";
"トラブルシューティング"->"Ubuntuで大きいHDDがマウントできない";
"トラブルシューティング"->"Ubuntu13.04でAltキーでDashが表示されないようにする";
"トラブルシューティング"->"sshでgnuplotを使うとXが転送できない";
"トラブルシューティング"->"Ubuntuのapt-get updateでnot found";
"トラブルシューティング"->"dev/tty*が開けない";
"トラブルシューティング"->"MacでDockのぴょんぴょんがうざい";
"トラブルシューティング"->"ThinkPad E130で突然無線が使えなくなった";
"トラブルシューティング"->"アンダーバーが左上に点滅してOS起動しない";
"トラブルシューティング"->"Ubuntuでディレクトリのサイズを知りたい";
"ドイツ"->"FrontPage";
"ドイツ"->"ドイツ語";
"ドイツ"->"ドイツ料理";
"ドイツ"->"ビール";
"ドイツ"->"海外宿泊";
"ドイツ"->"ドイツ留学";
"ドイツ料理"->"TODO";
"ドイツ留学"->"MenuBar";
"ドイツ語"->"ドイツ";
"ドライバ"->"FrontPage";
"ドレスコード"->"FrontPage";
"ナノ単位"->"FrontPage";
"ニュース"->"TODO";
"ハイブリッドシステム"->"制御";
"ハッカソン運営"->"ドイツ留学";
"バイオミメティクス"->"FrontPage";
"バックアップ"->"管理";
"バネ"->"メカ";
"バネ"->"いろいろな特性を持つバネの種類";
"パズドラ"->"FrontPage";
"パソコン"->"PCIボード";
"ヒューマンロボットインタラクション"->"ロボット";
"ヒートドライヤー"->"一般工具";
"ビジネス"->"外注";
"ビジネス"->"請求書";
"ビジネス"->"納税";
"ビジネス"->"開業";
"ビジネス"->"営業";
"ビジネスマナー"->"真人間計画";
"ビジネスモデル"->"FrontPage";
"ビッグデータ"->"DeepLearning";
"ビール"->"TODO";
"ピン打ち"->"裁縫";
"ファイル検索コマンド"->"コマンド";
"ファッション"->"靴";
"ファッション"->"男性服";
"ファッション/女性服"->"ファッション";
"ファッション/時計"->"FrontPage";
"ファッション/服"->"ファッション";
"ファンダメンタル分析"->"株";
"フォント"->"FrontPage";
"ブランデー"->"酒";
"ブランド"->"男性服";
"ブランド"->"偽ブランド";
"ブレッドボード"->"回路";
"ブロックチェーン"->"FrontPage";
"プラチナカード"->"FrontPage";
"プラチナカード"->"コンシェルジュ";
"プラチナカード/記録"->"プラチナカード";
"プレゼン"->"オーラル発表";
"プログラミング"->"C";
"プログラミング"->"C++";
"プログラミング"->"Objective-C";
"プログラミング"->"Python";
"プログラミング"->"Haskell";
"プログラミング"->"JavaScript";
"プログラミング"->"PHP";
"プログラミング"->"Matlab";
"プログラミング"->"Maxima";
"プログラミング"->"octave";
"プログラミング"->"MySQL";
"プログラミング"->"SQLite";
"プログラミング"->"プロコン";
"プログラミング"->"整数計画法";
"プログラミング"->"OpenCV";
"プログラミング"->"OpenGL";
"プログラミング"->"Eigen";
"プログラミング"->"GPGPU";
"プログラミング"->"LLVM";
"プログラミング"->"グラフィックコメント";
"プログラミングコンテスト"->"TODO";
"プログラミングコンテスト"->"初心者向けプロコン";
"プログラミング教育"->"プログラミング";
"プロコン"->"アルゴリズム";
"プロコン/スライド"->"プロコン";
"プロコン/チャレンジ"->"プロコン";
"プロコン/作問"->"FrontPage";
"プロコン/初心者向け"->"プログラミングコンテスト";
"プロコン/勉強したこと"->"プロコン";
"プロコン/特有の注意"->"プロコン";
"プロジェクト管理ツール"->"Redmine";
"プロペラ"->"メカ";
"プロポーザル"->"企画";
"ベルギー"->"新興技術";
"ベルリッツ"->"英語";
"ホテル"->"海外宿泊";
"ホームページのコンテンツ抽出"->"C";
"ボイスチェンジャー"->"FrontPage";
"ポスター発表"->"文章の作り方";
"ポーカー"->"ゲーム";
"マイノリティ"->"FrontPage";
"マザーマシン"->"メカ";
"マナー"->"真人間計画";
"マナー"->"うなぎを食べない教";
"マネジメント"->"共同作業";
"マネジメント"->"プロジェクト管理ツール";
"マネジメント"->"ワークショップ";
"マルチスレッド"->"C";
"ムーブセマンティクス"->"C++";
"メカ"->"材料";
"メカ"->"失敗学";
"メカ"->"動力伝達機構";
"メカ"->"締結機構";
"メカ"->"電装";
"メカ"->"拮抗腱駆動";
"メカ"->"モータ";
"メカ"->"磁力";
"メカ"->"足回り";
"メカ"->"バネ";
"メカ"->"樹脂設計";
"メカ"->"プロペラ";
"メカ"->"機械設計各論";
"メカ"->"CAE解析";
"メカ"->"安全管理";
"メカ"->"アルミフレーム";
"メカ"->"特殊加工";
"メカ"->"機械部品外注";
"メカ"->"飴細工";
"メカ"->"金属加工";
"メカ"->"木工";
"メカ"->"造形";
"メカ"->"射出成型";
"メカ"->"溶接";
"メカ"->"レーザ加工";
"メカ"->"ワイヤ放電加工";
"メカ"->"グリス";
"メカ"->"一般工具";
"メカ"->"マザーマシン";
"メカ"->"3Dプリンタ";
"メカ"->"3Dスキャナ";
"メカ"->"AutodeskInventor";
"メカ"->"AutoCAD";
"メカ"->"DrawSight";
"メカ"->"Onshape";
"メカ"->"OpenSCAD";
"メカ"->"Maya";
"メカ"->"Blender";
"メカ"->"材料力学";
"メカ"->"シール作成";
"メカ"->"サンドブラスト";
"メカ"->"塗装";
"メカ"->"オープンハードウェア";
"メルカリ"->"オークション";
"メンタル"->"FrontPage";
"モータドライバ"->"回路";
"ラウンジ"->"FrontPage";
"ラーメンの作り方"->"料理";
"リサイズ"->"男性服";
"リファクタリング"->"C++";
"リー群"->"数学";
"ルイスミシン"->"裁縫";
"ルータ"->"TODO";
"ループアンローリング"->"C++";
"レアジョブ"->"英語";
"レザークラフト"->"FrontPage";
"レシピ"->"料理";
"レーザ加工"->"メカ";
"ロックミシン"->"裁縫";
"ロボット"->"MenuBar";
"ロボット"->"ART-Linux";
"ロボット"->"RPLIDAR";
"ロボット"->"倒立振子";
"ロボット"->"クワッドコプター";
"ロボット"->"義足";
"ロボットミドルウェア"->"FrontPage";
"ロボットミドルウェア"->"ROS";
"ロボットミドルウェア"->"Gazebo";
"ワイヤ放電加工"->"メカ";
"一般工具"->"FrontPage";
"一般工具"->"ヒートドライヤー";
"上っ面kindness"->"真人間計画";
"下処理"->"料理";
"不動産"->"FrontPage";
"並列計算"->"FrontPage";
"中古品店"->"買い物";
"二次形式"->"数学";
"二次計画法"->"FrontPage";
"人事"->"FrontPage";
"人間機械情報論"->"MenuBar";
"仮縫い"->"裁縫";
"企業"->"MathWorks";
"企画"->"アイディア出し";
"企画"->"プロポーザル";
"伝わるデザイン"->"デザイン";
"便利ツール"->"MenuBar";
"便利ツール"->"Slack";
"便利ツール"->"LucidChart";
"便利ツール"->"Google Sheets";
"便利ツール"->"BlueStacks";
"便利ツール"->"Chrome";
"便利ツール"->"GitBucket";
"便利ツール"->"Insync";
"便利ツール"->"pdf操作";
"便利ツール"->"Spritz";
"便利ツール"->"Dropbox";
"便利ツール"->"Pukiwiki";
"便利ツール"->"SlideShare";
"信号処理"->"数学";
"信用取引"->"株";
"倒立振子"->"ロボット";
"倫理"->"真人間計画";
"偏見"->"日本";
"偽ブランド"->"ブランド";
"共同作業"->"マネジメント";
"共同開発"->"TODO";
"分子置換法"->"タンパク質";
"利食い"->"株";
"制御"->"古典制御論";
"制御"->"現代制御論";
"制御"->"H∞制御";
"制御"->"ハイブリッドシステム";
"制御"->"モータ";
"制御"->"力学系";
"制御"->"相補フィルタ";
"制御"->"カルマンフィルタ";
"制御"->"実機運用";
"制御"->"DH記法";
"制御"->"機構学";
"制御"->"自動車制御";
"制御"->"解析力学";
"制御"->"ポリゴン";
"制御"->"Simulink";
"制御"->"RPLIDAR";
"力学系"->"制御";
"動力伝達機構"->"メカ";
"動画教育"->"アルゴリズム";
"動画編集"->"Premiere";
"動画編集"->"Shotcut";
"収入"->"TODO";
"古典制御論"->"制御";
"商品先物取引"->"投資";
"営業"->"TODO";
"回路"->"熱設計";
"回路"->"SPI";
"回路"->"回路設計各論";
"回路"->"ブレッドボード";
"回路"->"CPLD";
"回路"->"Verilog";
"回路"->"回路間通信";
"回路"->"モータドライバ";
"回路"->"Eagle";
"回路"->"基板作成";
"回路"->"廃液処理";
"回路"->"基板加工機";
"回路"->"回路実装";
"回路"->"クリームはんだ";
"回路"->"Arduino";
"回路"->"BeagleBone";
"回路"->"Konashi";
"回路"->"IntelEdison";
"回路"->"JTAG";
"回路"->"PIC";
"回路"->"STM32";
"回路"->"エンコーダカウンタ";
"回路"->"FT232";
"回路"->"電池";
"回路実装"->"回路";
"回路実装"->"クリームはんだ";
"回路設計各論"->"回路";
"回路間通信"->"FrontPage";
"図の描き方"->"画像編集";
"図の描き方"->"動画編集";
"国ごとの電圧"->"FrontPage";
"国債"->"投資";
"国際経済"->"株";
"圏論"->"TODO";
"基板作成"->"回路";
"基板作成"->"廃液処理";
"基板作成"->"BeagleBone";
"基板作成"->"Eagle";
"基板加工機"->"回路";
"塗装"->"メカ";
"外国通貨"->"バックアップ";
"外注"->"ビジネス";
"外注"->"機械部品外注";
"外注"->"雑用代行サービス";
"外注"->"クラウドソーシング";
"失敗したオムニディス"->"真人間のアンチパターン";
"女性"->"真人間計画";
"始末"->"裁縫";
"安全管理"->"メカ";
"定期預金"->"投資";
"実機運用"->"制御";
"実装の考察"->"アルゴリズム";
"実験設定"->"アルゴリズム";
"射出成型"->"メカ";
"射出成形解析"->"CAE解析";
"小物"->"男性服";
"就活"->"MenuBar";
"履修"->"MenuBar";
"履修"->"クラウド基盤構築";
"履修"->"心理統計学II";
"履修"->"空間計量経済学";
"履修"->"知能機械構成論";
"履修"->"心理統計学概論";
"履修"->"生態心理学I";
"履修"->"感覚運動情報処理";
"履修"->"人間機械情報論";
"履修"->"神経科学";
"履修"->"Introduction to Management";
"履修"->"イノベーター倫理";
"履修/候補"->"履修";
"布"->"裁縫";
"常識"->"常識の打破";
"座標変換"->"数学";
"廃液処理"->"基板作成";
"強化学習"->"機械学習";
"心理統計学II"->"履修";
"心理統計学概論"->"履修";
"情報リテラシー"->"マネジメント";
"感覚運動情報処理"->"MenuBar";
"手縫い"->"裁縫";
"手袋"->"裁縫";
"技術コンテスト"->"セキュリティコンテスト";
"技術コンテスト"->"プロコン";
"技術コンテスト"->"ロボコン";
"技術コンテスト"->"ハッカソン運営";
"技術利用と法"->"GCL";
"投資"->"ビジネス";
"投資"->"株";
"投資"->"定期預金";
"投資"->"投資信託";
"投資"->"社債";
"投資"->"国債";
"投資"->"FX";
"投資"->"Bitcoin";
"投資信託"->"投資";
"押し花"->"TODO";
"拮抗腱駆動"->"メカ";
"教育"->"FrontPage";
"数学"->"オイラー角";
"数学"->"クォータニオン";
"数学"->"二次形式";
"数学"->"斜交座標系";
"数学"->"座標変換";
"数学"->"行列";
"数学"->"信号処理";
"数学"->"テンソル";
"数学"->"リー群";
"数学"->"圏論";
"数学"->"機械学習";
"整数計画法"->"TODO";
"文章の書き方"->"FrontPage";
"料理"->"スパイス";
"料理"->"バー";
"料理"->"レシピ";
"料理"->"下処理";
"料理"->"研ぎ";
"料理"->"食べ合わせ";
"料理"->"高級料理店";
"料理"->"ラーメンの作り方";
"料理"->"盛り付け";
"料理"->"料理人";
"料理/包丁の使い方"->"料理";
"料理/卵剥き"->"料理";
"料理/魚捌き"->"料理";
"料理人"->"料理";
"斜交座標系"->"数学";
"新興技術"->"IoT";
"新興技術"->"ARマーカー";
"新興技術"->"word2vec";
"旅行"->"FrontPage";
"日本"->"日本語";
"日本"->"日本経済";
"日本語"->"日本";
"最適化"->"FrontPage";
"木工"->"メカ";
"材料"->"メカ";
"材料力学"->"メカ";
"染色"->"裁縫";
"校正"->"FrontPage";
"校正"->"textlint";
"株"->"投資";
"株"->"テクニカル分析";
"株"->"ファンダメンタル分析";
"株"->"デイトレ";
"株"->"株取引チートシート";
"株"->"株予想";
"株"->"株取引記録";
"株"->"信用取引";
"株"->"国際経済";
"株"->"利食い";
"株"->"VIX指数";
"株"->"自動取引";
"株予想"->"株";
"株取引チートシート"->"株";
"株取引収支"->"株";
"株取引記録"->"株";
"樹脂設計"->"メカ";
"機械学習"->"TensorFlow";
"機械学習"->"DeepLearning";
"機械学習"->"統計解析";
"機械設計各論"->"メカ";
"機構学"->"制御";
"正規表現"->"FrontPage";
"歯磨き"->"FrontPage";
"歴史に学ぶ"->"アルゴリズム";
"洋服リメイク"->"裁縫";
"洋裁材料調達"->"裁縫";
"洋裁用語"->"裁縫";
"海外宿泊"->"FrontPage";
"液タブ"->"FrontPage";
"溶接"->"メカ";
"物理の直感"->"FrontPage";
"物理量の直観"->"エンジニアリング";
"特殊加工"->"メカ";
"特許"->"ビジネス";
"現代制御論"->"制御";
"現代制御論"->"モータ";
"環境問題"->"FrontPage";
"生態心理学I"->"履修";
"生産性"->"FrontPage";
"男性服"->"ファッション";
"男性服"->"靴";
"男性服"->"ブランド";
"男性服"->"偽ブランド";
"男性服"->"オークション";
"男性服"->"小物";
"男性服"->"リサイズ";
"画像編集"->"Photoshop";
"画像編集"->"Illustrator";
"留学準備"->"海外宿泊";
"白猫"->"スマホゲーム";
"直進ミシン"->"裁縫";
"相補フィルタ"->"制御";
"真人間のアンチパターン"->"真人間計画";
"真人間計画"->"ビジネスマナー";
"真人間計画"->"マナー";
"真人間計画"->"上っ面kindness";
"真人間計画"->"真人間のアンチパターン";
"真人間計画"->"倫理";
"真人間計画"->"魅力的な話し方";
"真人間計画"->"マイノリティ";
"真人間計画"->"女性";
"真人間計画"->"失敗したオムニディス";
"真人間計画"->"一般人には伝わらない単語";
"真人間計画"->"常識";
"知的財産"->"FrontPage";
"知能機械構成論"->"履修";
"研究の疑問"->"MenuBar";
"研究遂行"->"MenuBar";
"研究雑多"->"研究";
"確定申告"->"ビジネス";
"確率"->"FrontPage";
"磁力"->"メカ";
"社債"->"投資";
"神経科学"->"FrontPage";
"科学史"->"MenuBar";
"空間計量経済学"->"履修";
"立体裁断"->"裁縫";
"筋トレ"->"リサイズ";
"紅茶"->"カトラリー";
"紅茶"->"紅茶#";
"納税"->"ビジネス";
"納税"->"確定申告";
"結果の設計"->"MenuBar";
"統計解析"->"FrontPage";
"絵"->"MenuBar";
"締結機構"->"メカ";
"縫い代始末"->"裁縫";
"美術"->"FrontPage";
"群論"->"FrontPage";
"職質"->"料理";
"脳"->"FrontPage";
"脳"->"感覚運動情報処理";
"自動取引"->"株";
"自動車制御"->"制御";
"芯地"->"裁縫";
"英語"->"論文英語";
"英語"->"ベルリッツ";
"英語"->"レアジョブ";
"英語"->"TOEIC";
"著作権"->"FrontPage";
"行列"->"数学";
"裁断"->"裁縫";
"裁縫"->"立体裁断";
"裁縫"->"平面製図";
"裁縫"->"ゆるみ";
"裁縫"->"ディティール";
"裁縫"->"縫い代始末";
"裁縫"->"裏地設計";
"裁縫"->"洋服リメイク";
"裁縫"->"部分縫い";
"裁縫"->"染色";
"裁縫"->"裁断";
"裁縫"->"くせとり";
"裁縫"->"ピン打ち";
"裁縫"->"仮縫い";
"裁縫"->"アイロン";
"裁縫"->"手縫い";
"裁縫"->"直進ミシン";
"裁縫"->"ロックミシン";
"裁縫"->"ルイスミシン";
"裁縫"->"アパレルCAD";
"裁縫"->"布";
"裁縫"->"裏地";
"裁縫"->"芯地";
"裁縫"->"洋裁材料調達";
"裁縫"->"洋裁用語";
"裁縫"->"裁縫/参考資料";
"裁縫"->"裁縫/青オックスのワンピース";
"裁縫"->"裁縫/セーラー服";
"裁縫"->"裁縫/プリーツスカート";
"裁縫/PM検定3級"->"裁縫";
"裁縫/コーディネート"->"裁縫";
"裁縫/セーラー服"->"裁縫";
"裁縫/プリーツスカート"->"裁縫";
"裁縫/参考資料"->"裁縫";
"裁縫/青オックスのワンピース"->"裁縫";
"装飾"->"シール作成";
"裏地"->"裁縫";
"裏地設計"->"裁縫";
"解剖学"->"FrontPage";
"解析力学"->"MenuBar";
"課金"->"TODO";
"請求書"->"ビジネス";
"論文の書き方"->"textlint";
"論文英語"->"英語";
"買い物"->"中古品店";
"買い物"->"オークション";
"買い物"->"メルカリ";
"資産運用"->"FrontPage";
"質問"->"TODO";
"起業"->"ビジネスモデル";
"足回り"->"メカ";
"辞書"->"TODO";
"部分縫い"->"裁縫";
"部品選定"->"メカ";
"郵便"->"FrontPage";
"酒"->"ビール";
"酒"->"ワイン";
"酒"->"バー";
"酒"->"ブランデー";
"酒"->"ウイスキー";
"金属加工"->"メカ";
"開業"->"ビジネス";
"開発環境構築"->"TODO";
"開発環境設定/Mac"->"開発環境設定";
"開発環境設定/Ubuntu"->"開発環境設定";
"開発環境設定/Windows"->"開発環境設定";
"陸上"->"TODO";
"雑用代行サービス"->"kaori-san";
"電池"->"回路";
"電装"->"メカ";
"静的メモリチェッカ"->"C++";
"非厳密アルゴリズム"->"プロコン";
"非自明マネタイズ"->"FrontPage";
"靴"->"男性服";
"音楽"->"FrontPage";
"食べ合わせ"->"料理";
"飲食店/新宿"->"飲食店";
"飲食店/本郷近辺"->"飲食店";
"飲食店/本郷遠征"->"飲食店";
"飲食店/池袋"->"飲食店";
"飲食店/渋谷"->"飲食店";
"高校数学"->"TODO";
"高校物理"->"高校数学";
"高級料理店"->"料理";
"高速化"->"C";
"麻雀"->"ゲーム";
}
